mode: set
github.com/daverussell13/rate-limiter-doitpay-project/cmd/server/main.go:17.13,19.16 2 0
github.com/daverussell13/rate-limiter-doitpay-project/cmd/server/main.go:19.16,21.3 1 0
github.com/daverussell13/rate-limiter-doitpay-project/cmd/server/main.go:23.2,45.92 9 0
github.com/daverussell13/rate-limiter-doitpay-project/cmd/server/main.go:45.92,47.3 1 0
github.com/daverussell13/rate-limiter-doitpay-project/cmd/server/main.go:49.2,49.95 1 0
github.com/daverussell13/rate-limiter-doitpay-project/cmd/server/main.go:49.95,51.3 1 0
github.com/daverussell13/rate-limiter-doitpay-project/cmd/server/main.go:53.2,53.92 1 0
github.com/daverussell13/rate-limiter-doitpay-project/cmd/server/main.go:53.92,55.3 1 0
github.com/daverussell13/rate-limiter-doitpay-project/cmd/server/main.go:57.2,57.95 1 0
github.com/daverussell13/rate-limiter-doitpay-project/cmd/server/main.go:57.95,59.3 1 0
github.com/daverussell13/rate-limiter-doitpay-project/cmd/server/main.go:61.2,63.36 3 0
github.com/daverussell13/rate-limiter-doitpay-project/cmd/server/main.go:63.36,65.3 1 0
github.com/daverussell13/rate-limiter-doitpay-project/internal/domain/error.go:25.34,27.2 1 0
github.com/daverussell13/rate-limiter-doitpay-project/internal/domain/error.go:29.35,31.2 1 0
github.com/daverussell13/rate-limiter-doitpay-project/internal/domain/error.go:33.34,35.2 1 0
github.com/daverussell13/rate-limiter-doitpay-project/internal/domain/error.go:37.32,39.21 2 0
github.com/daverussell13/rate-limiter-doitpay-project/internal/domain/error.go:39.21,41.3 1 0
github.com/daverussell13/rate-limiter-doitpay-project/internal/domain/error.go:43.2,43.48 1 0
github.com/daverussell13/rate-limiter-doitpay-project/internal/domain/error.go:46.32,48.2 1 0
github.com/daverussell13/rate-limiter-doitpay-project/internal/domain/error.go:50.66,59.2 2 0
github.com/daverussell13/rate-limiter-doitpay-project/internal/domain/error.go:61.81,70.2 2 0
github.com/daverussell13/rate-limiter-doitpay-project/internal/rest/midlleware/rate_limit.go:14.92,15.30 1 0
github.com/daverussell13/rate-limiter-doitpay-project/internal/rest/midlleware/rate_limit.go:15.30,17.21 2 0
github.com/daverussell13/rate-limiter-doitpay-project/internal/rest/midlleware/rate_limit.go:17.21,21.4 3 0
github.com/daverussell13/rate-limiter-doitpay-project/internal/rest/midlleware/rate_limit.go:23.3,24.17 2 0
github.com/daverussell13/rate-limiter-doitpay-project/internal/rest/midlleware/rate_limit.go:24.17,28.4 3 0
github.com/daverussell13/rate-limiter-doitpay-project/internal/rest/midlleware/rate_limit.go:30.3,30.15 1 0
github.com/daverussell13/rate-limiter-doitpay-project/internal/rest/midlleware/rate_limit.go:30.15,34.4 3 0
github.com/daverussell13/rate-limiter-doitpay-project/internal/rest/midlleware/rate_limit.go:36.3,36.11 1 0
github.com/daverussell13/rate-limiter-doitpay-project/internal/rest/ping.go:11.36,13.2 1 0
github.com/daverussell13/rate-limiter-doitpay-project/internal/rest/ping.go:15.44,19.2 1 0
github.com/daverussell13/rate-limiter-doitpay-project/internal/memory/fixed_window.go:15.56,19.2 1 1
github.com/daverussell13/rate-limiter-doitpay-project/internal/memory/fixed_window.go:21.107,26.9 4 1
github.com/daverussell13/rate-limiter-doitpay-project/internal/memory/fixed_window.go:26.9,28.3 1 1
github.com/daverussell13/rate-limiter-doitpay-project/internal/memory/fixed_window.go:29.2,29.16 1 1
github.com/daverussell13/rate-limiter-doitpay-project/internal/memory/fixed_window.go:32.112,38.2 4 1
github.com/daverussell13/rate-limiter-doitpay-project/internal/memory/token_bucket.go:15.56,19.2 1 1
github.com/daverussell13/rate-limiter-doitpay-project/internal/memory/token_bucket.go:21.112,24.35 3 1
github.com/daverussell13/rate-limiter-doitpay-project/internal/memory/token_bucket.go:24.35,26.3 1 1
github.com/daverussell13/rate-limiter-doitpay-project/internal/memory/token_bucket.go:27.2,27.37 1 1
github.com/daverussell13/rate-limiter-doitpay-project/internal/memory/token_bucket.go:30.118,35.2 4 1
github.com/daverussell13/rate-limiter-doitpay-project/internal/util/striped_mutex.go:13.43,18.2 1 1
github.com/daverussell13/rate-limiter-doitpay-project/internal/util/striped_mutex.go:20.47,24.2 3 1
github.com/daverussell13/rate-limiter-doitpay-project/internal/util/striped_mutex.go:26.48,29.16 3 1
github.com/daverussell13/rate-limiter-doitpay-project/internal/util/striped_mutex.go:29.16,29.41 1 1
github.com/daverussell13/rate-limiter-doitpay-project/internal/service/fixed_window.go:23.100,29.2 1 1
github.com/daverussell13/rate-limiter-doitpay-project/internal/service/fixed_window.go:31.88,36.16 4 1
github.com/daverussell13/rate-limiter-doitpay-project/internal/service/fixed_window.go:36.16,38.3 1 0
github.com/daverussell13/rate-limiter-doitpay-project/internal/service/fixed_window.go:40.2,42.58 2 1
github.com/daverussell13/rate-limiter-doitpay-project/internal/service/fixed_window.go:42.58,47.69 2 1
github.com/daverussell13/rate-limiter-doitpay-project/internal/service/fixed_window.go:47.69,49.4 1 0
github.com/daverussell13/rate-limiter-doitpay-project/internal/service/fixed_window.go:50.3,50.19 1 1
github.com/daverussell13/rate-limiter-doitpay-project/internal/service/fixed_window.go:53.2,53.38 1 1
github.com/daverussell13/rate-limiter-doitpay-project/internal/service/fixed_window.go:53.38,55.66 2 1
github.com/daverussell13/rate-limiter-doitpay-project/internal/service/fixed_window.go:55.66,57.4 1 0
github.com/daverussell13/rate-limiter-doitpay-project/internal/service/fixed_window.go:58.3,58.19 1 1
github.com/daverussell13/rate-limiter-doitpay-project/internal/service/fixed_window.go:61.2,61.19 1 1
github.com/daverussell13/rate-limiter-doitpay-project/internal/service/token_bucket.go:23.100,29.2 1 1
github.com/daverussell13/rate-limiter-doitpay-project/internal/service/token_bucket.go:31.88,36.16 4 1
github.com/daverussell13/rate-limiter-doitpay-project/internal/service/token_bucket.go:36.16,38.3 1 0
github.com/daverussell13/rate-limiter-doitpay-project/internal/service/token_bucket.go:40.2,42.32 2 1
github.com/daverussell13/rate-limiter-doitpay-project/internal/service/token_bucket.go:42.32,45.3 2 1
github.com/daverussell13/rate-limiter-doitpay-project/internal/service/token_bucket.go:47.2,48.17 2 1
github.com/daverussell13/rate-limiter-doitpay-project/internal/service/token_bucket.go:48.17,50.38 2 1
github.com/daverussell13/rate-limiter-doitpay-project/internal/service/token_bucket.go:50.38,52.4 1 0
github.com/daverussell13/rate-limiter-doitpay-project/internal/service/token_bucket.go:53.3,53.26 1 1
github.com/daverussell13/rate-limiter-doitpay-project/internal/service/token_bucket.go:56.2,57.26 2 1
github.com/daverussell13/rate-limiter-doitpay-project/internal/service/token_bucket.go:57.26,60.3 2 1
github.com/daverussell13/rate-limiter-doitpay-project/internal/service/token_bucket.go:62.2,62.65 1 1
github.com/daverussell13/rate-limiter-doitpay-project/internal/service/token_bucket.go:62.65,64.3 1 0
github.com/daverussell13/rate-limiter-doitpay-project/internal/service/token_bucket.go:65.2,65.21 1 1
github.com/daverussell13/rate-limiter-doitpay-project/internal/config/config.go:41.30,47.41 5 1
github.com/daverussell13/rate-limiter-doitpay-project/internal/config/config.go:47.41,48.55 1 1
github.com/daverussell13/rate-limiter-doitpay-project/internal/config/config.go:48.55,50.4 1 1
github.com/daverussell13/rate-limiter-doitpay-project/internal/config/config.go:51.3,51.85 1 1
github.com/daverussell13/rate-limiter-doitpay-project/internal/config/config.go:54.2,55.45 2 1
github.com/daverussell13/rate-limiter-doitpay-project/internal/config/config.go:55.45,57.3 1 1
github.com/daverussell13/rate-limiter-doitpay-project/internal/config/config.go:58.2,58.21 1 1
github.com/daverussell13/rate-limiter-doitpay-project/internal/rdb/fixed_window.go:16.76,20.2 1 1
github.com/daverussell13/rate-limiter-doitpay-project/internal/rdb/fixed_window.go:22.107,24.16 2 1
github.com/daverussell13/rate-limiter-doitpay-project/internal/rdb/fixed_window.go:24.16,25.23 1 1
github.com/daverussell13/rate-limiter-doitpay-project/internal/rdb/fixed_window.go:25.23,27.4 1 1
github.com/daverussell13/rate-limiter-doitpay-project/internal/rdb/fixed_window.go:28.3,28.33 1 1
github.com/daverussell13/rate-limiter-doitpay-project/internal/rdb/fixed_window.go:31.2,32.56 2 1
github.com/daverussell13/rate-limiter-doitpay-project/internal/rdb/fixed_window.go:32.56,34.3 1 1
github.com/daverussell13/rate-limiter-doitpay-project/internal/rdb/fixed_window.go:35.2,35.15 1 1
github.com/daverussell13/rate-limiter-doitpay-project/internal/rdb/fixed_window.go:38.113,40.16 2 1
github.com/daverussell13/rate-limiter-doitpay-project/internal/rdb/fixed_window.go:40.16,42.3 1 0
github.com/daverussell13/rate-limiter-doitpay-project/internal/rdb/fixed_window.go:44.2,45.14 2 1
github.com/daverussell13/rate-limiter-doitpay-project/internal/rdb/fixed_window.go:45.14,47.3 1 1
github.com/daverussell13/rate-limiter-doitpay-project/internal/rdb/fixed_window.go:49.2,49.53 1 1
github.com/daverussell13/rate-limiter-doitpay-project/internal/rdb/token_bucket.go:17.115,25.2 3 1
github.com/daverussell13/rate-limiter-doitpay-project/internal/rdb/token_bucket.go:27.112,29.16 2 1
github.com/daverussell13/rate-limiter-doitpay-project/internal/rdb/token_bucket.go:29.16,30.23 1 1
github.com/daverussell13/rate-limiter-doitpay-project/internal/rdb/token_bucket.go:30.23,32.4 1 1
github.com/daverussell13/rate-limiter-doitpay-project/internal/rdb/token_bucket.go:33.3,33.38 1 1
github.com/daverussell13/rate-limiter-doitpay-project/internal/rdb/token_bucket.go:36.2,37.61 2 1
github.com/daverussell13/rate-limiter-doitpay-project/internal/rdb/token_bucket.go:37.61,39.3 1 1
github.com/daverussell13/rate-limiter-doitpay-project/internal/rdb/token_bucket.go:41.2,41.20 1 1
github.com/daverussell13/rate-limiter-doitpay-project/internal/rdb/token_bucket.go:44.118,46.16 2 1
github.com/daverussell13/rate-limiter-doitpay-project/internal/rdb/token_bucket.go:46.16,48.3 1 0
github.com/daverussell13/rate-limiter-doitpay-project/internal/rdb/token_bucket.go:49.2,49.55 1 1
