mode: set
github.com/daverussell13/rate-limiter-doitpay-project/cmd/server/main.go:16.13,18.16 2 0
github.com/daverussell13/rate-limiter-doitpay-project/cmd/server/main.go:18.16,20.3 1 0
github.com/daverussell13/rate-limiter-doitpay-project/cmd/server/main.go:22.2,41.89 7 0
github.com/daverussell13/rate-limiter-doitpay-project/cmd/server/main.go:41.89,43.3 1 0
github.com/daverussell13/rate-limiter-doitpay-project/cmd/server/main.go:45.2,45.92 1 0
github.com/daverussell13/rate-limiter-doitpay-project/cmd/server/main.go:45.92,47.3 1 0
github.com/daverussell13/rate-limiter-doitpay-project/cmd/server/main.go:49.2,51.36 3 0
github.com/daverussell13/rate-limiter-doitpay-project/cmd/server/main.go:51.36,53.3 1 0
github.com/daverussell13/rate-limiter-doitpay-project/internal/domain/error.go:25.34,27.2 1 0
github.com/daverussell13/rate-limiter-doitpay-project/internal/domain/error.go:29.35,31.2 1 0
github.com/daverussell13/rate-limiter-doitpay-project/internal/domain/error.go:33.34,35.2 1 0
github.com/daverussell13/rate-limiter-doitpay-project/internal/domain/error.go:37.32,39.21 2 0
github.com/daverussell13/rate-limiter-doitpay-project/internal/domain/error.go:39.21,41.3 1 0
github.com/daverussell13/rate-limiter-doitpay-project/internal/domain/error.go:43.2,43.48 1 0
github.com/daverussell13/rate-limiter-doitpay-project/internal/domain/error.go:46.32,48.2 1 0
github.com/daverussell13/rate-limiter-doitpay-project/internal/domain/error.go:50.66,59.2 2 0
github.com/daverussell13/rate-limiter-doitpay-project/internal/domain/error.go:61.81,70.2 2 0
github.com/daverussell13/rate-limiter-doitpay-project/internal/rest/ping.go:11.36,13.2 1 0
github.com/daverussell13/rate-limiter-doitpay-project/internal/rest/ping.go:15.44,19.2 1 0
github.com/daverussell13/rate-limiter-doitpay-project/internal/rest/midlleware/rate_limit.go:14.92,15.30 1 0
github.com/daverussell13/rate-limiter-doitpay-project/internal/rest/midlleware/rate_limit.go:15.30,17.21 2 0
github.com/daverussell13/rate-limiter-doitpay-project/internal/rest/midlleware/rate_limit.go:17.21,21.4 3 0
github.com/daverussell13/rate-limiter-doitpay-project/internal/rest/midlleware/rate_limit.go:23.3,24.17 2 0
github.com/daverussell13/rate-limiter-doitpay-project/internal/rest/midlleware/rate_limit.go:24.17,28.4 3 0
github.com/daverussell13/rate-limiter-doitpay-project/internal/rest/midlleware/rate_limit.go:30.3,30.15 1 0
github.com/daverussell13/rate-limiter-doitpay-project/internal/rest/midlleware/rate_limit.go:30.15,34.4 3 0
github.com/daverussell13/rate-limiter-doitpay-project/internal/rest/midlleware/rate_limit.go:36.3,36.11 1 0
github.com/daverussell13/rate-limiter-doitpay-project/internal/memory/fixed_window.go:15.56,19.2 1 1
github.com/daverussell13/rate-limiter-doitpay-project/internal/memory/fixed_window.go:21.107,26.9 4 1
github.com/daverussell13/rate-limiter-doitpay-project/internal/memory/fixed_window.go:26.9,28.3 1 1
github.com/daverussell13/rate-limiter-doitpay-project/internal/memory/fixed_window.go:29.2,29.16 1 1
github.com/daverussell13/rate-limiter-doitpay-project/internal/memory/fixed_window.go:32.112,38.2 4 1
github.com/daverussell13/rate-limiter-doitpay-project/internal/config/config.go:35.30,41.41 5 1
github.com/daverussell13/rate-limiter-doitpay-project/internal/config/config.go:41.41,42.55 1 1
github.com/daverussell13/rate-limiter-doitpay-project/internal/config/config.go:42.55,44.4 1 1
github.com/daverussell13/rate-limiter-doitpay-project/internal/config/config.go:45.3,45.85 1 1
github.com/daverussell13/rate-limiter-doitpay-project/internal/config/config.go:48.2,49.45 2 1
github.com/daverussell13/rate-limiter-doitpay-project/internal/config/config.go:49.45,51.3 1 1
github.com/daverussell13/rate-limiter-doitpay-project/internal/config/config.go:52.2,52.21 1 1
github.com/daverussell13/rate-limiter-doitpay-project/internal/service/fixed_window.go:21.100,26.2 1 1
github.com/daverussell13/rate-limiter-doitpay-project/internal/service/fixed_window.go:28.88,30.16 2 1
github.com/daverussell13/rate-limiter-doitpay-project/internal/service/fixed_window.go:30.16,32.3 1 0
github.com/daverussell13/rate-limiter-doitpay-project/internal/service/fixed_window.go:34.2,36.58 2 1
github.com/daverussell13/rate-limiter-doitpay-project/internal/service/fixed_window.go:36.58,41.69 2 1
github.com/daverussell13/rate-limiter-doitpay-project/internal/service/fixed_window.go:41.69,43.4 1 0
github.com/daverussell13/rate-limiter-doitpay-project/internal/service/fixed_window.go:44.3,44.19 1 1
github.com/daverussell13/rate-limiter-doitpay-project/internal/service/fixed_window.go:47.2,47.38 1 1
github.com/daverussell13/rate-limiter-doitpay-project/internal/service/fixed_window.go:47.38,49.66 2 1
github.com/daverussell13/rate-limiter-doitpay-project/internal/service/fixed_window.go:49.66,51.4 1 0
github.com/daverussell13/rate-limiter-doitpay-project/internal/service/fixed_window.go:52.3,52.19 1 1
github.com/daverussell13/rate-limiter-doitpay-project/internal/service/fixed_window.go:55.2,55.19 1 1
github.com/daverussell13/rate-limiter-doitpay-project/internal/rdb/fixed_window.go:16.76,20.2 1 1
github.com/daverussell13/rate-limiter-doitpay-project/internal/rdb/fixed_window.go:22.107,24.16 2 1
github.com/daverussell13/rate-limiter-doitpay-project/internal/rdb/fixed_window.go:24.16,25.23 1 1
github.com/daverussell13/rate-limiter-doitpay-project/internal/rdb/fixed_window.go:25.23,27.4 1 1
github.com/daverussell13/rate-limiter-doitpay-project/internal/rdb/fixed_window.go:28.3,28.33 1 1
github.com/daverussell13/rate-limiter-doitpay-project/internal/rdb/fixed_window.go:31.2,32.56 2 1
github.com/daverussell13/rate-limiter-doitpay-project/internal/rdb/fixed_window.go:32.56,34.3 1 1
github.com/daverussell13/rate-limiter-doitpay-project/internal/rdb/fixed_window.go:35.2,35.15 1 1
github.com/daverussell13/rate-limiter-doitpay-project/internal/rdb/fixed_window.go:38.113,40.16 2 1
github.com/daverussell13/rate-limiter-doitpay-project/internal/rdb/fixed_window.go:40.16,42.3 1 0
github.com/daverussell13/rate-limiter-doitpay-project/internal/rdb/fixed_window.go:44.2,45.14 2 1
github.com/daverussell13/rate-limiter-doitpay-project/internal/rdb/fixed_window.go:45.14,47.3 1 1
github.com/daverussell13/rate-limiter-doitpay-project/internal/rdb/fixed_window.go:49.2,49.53 1 1
